<?xml version="1.0" encoding="UTF-8"?>
<testng-results skipped="0" failed="0" ignored="0" total="5" passed="5">
  <reporter-output>
  </reporter-output>
  <suite name="Suite" duration-ms="9229" started-at="2020-03-17T13:11:12Z" finished-at="2020-03-17T13:11:21Z">
    <groups>
    </groups>
    <test name="Test" duration-ms="9229" started-at="2020-03-17T13:11:12Z" finished-at="2020-03-17T13:11:21Z">
      <class name="testCases.TC_VideoGameAPI">
        <test-method status="PASS" signature="test_getAllVideoGames()[pri:1, instance:testCases.TC_VideoGameAPI@1dd92fe2]" name="test_getAllVideoGames" duration-ms="3387" started-at="2020-03-17T13:11:12Z" finished-at="2020-03-17T13:11:15Z">
          <reporter-output>
          </reporter-output>
        </test-method> <!-- test_getAllVideoGames -->
        <test-method status="PASS" signature="test_addNewVideoaGame()[pri:2, instance:testCases.TC_VideoGameAPI@1dd92fe2]" name="test_addNewVideoaGame" duration-ms="799" started-at="2020-03-17T13:11:15Z" finished-at="2020-03-17T13:11:16Z">
          <reporter-output>
          </reporter-output>
        </test-method> <!-- test_addNewVideoaGame -->
        <test-method status="PASS" signature="test_getVideoGame()[pri:3, instance:testCases.TC_VideoGameAPI@1dd92fe2]" name="test_getVideoGame" duration-ms="1749" started-at="2020-03-17T13:11:16Z" finished-at="2020-03-17T13:11:18Z">
          <reporter-output>
          </reporter-output>
        </test-method> <!-- test_getVideoGame -->
        <test-method status="PASS" signature="test_UpdateVideoGame()[pri:4, instance:testCases.TC_VideoGameAPI@1dd92fe2]" name="test_UpdateVideoGame" duration-ms="178" started-at="2020-03-17T13:11:18Z" finished-at="2020-03-17T13:11:18Z">
          <reporter-output>
          </reporter-output>
        </test-method> <!-- test_UpdateVideoGame -->
        <test-method status="PASS" signature="test_DeleteVideoGame()[pri:5, instance:testCases.TC_VideoGameAPI@1dd92fe2]" name="test_DeleteVideoGame" duration-ms="3062" started-at="2020-03-17T13:11:18Z" finished-at="2020-03-17T13:11:21Z">
          <reporter-output>
          </reporter-output>
        </test-method> <!-- test_DeleteVideoGame -->
      </class> <!-- testCases.TC_VideoGameAPI -->
    </test> <!-- Test -->
  </suite> <!-- Suite -->
</testng-results>
